2017-10-03 17:56:39,221 [Worker-0] INFO  c.g.t.t.d.PublishedGradleVersions - Gradle version information cache is not available. Remote download required.
2017-10-06 01:19:09,516 [Worker-4] INFO  c.g.t.t.d.PublishedGradleVersions - Gradle version information cache is out-of-date. Trying to update.
2017-10-06 23:26:41,539 [Worker-2] INFO  c.g.t.t.d.PublishedGradleVersions - Gradle version information cache is up-to-date. Trying to read.
2017-10-06 23:30:49,199 [Worker-5] INFO  c.g.t.t.d.PublishedGradleVersions - Gradle version information cache is up-to-date. Trying to read.
2017-10-07 18:33:53,988 [Worker-7] INFO  c.g.t.t.d.PublishedGradleVersions - Gradle version information cache is out-of-date. Trying to update.
2017-10-07 22:53:04,020 [main] INFO  o.e.r.s.GitSnippetRepository - Failed to parse query
org.apache.lucene.queryParser.ParseException: Cannot parse '{': Encountered "<EOF>" at line 1, column 1.
Was expecting one of:
    <RANGEEX_QUOTED> ...
    <RANGEEX_GOOP> ...
    
	at org.apache.lucene.queryParser.QueryParser.parse(QueryParser.java:211) ~[org.apache.lucene.core_3.5.0.v20120725-1805.jar:3.5.0 1204988 - simon - 2011-11-22 14:46:51]
	at org.eclipse.recommenders.snipmatch.FileSnippetRepository.searchSnippetFiles(FileSnippetRepository.java:350) [org.eclipse.recommenders.snipmatch_2.4.10.v20170911-1410.jar:na]
	at org.eclipse.recommenders.snipmatch.FileSnippetRepository.doSearch(FileSnippetRepository.java:327) [org.eclipse.recommenders.snipmatch_2.4.10.v20170911-1410.jar:na]
	at org.eclipse.recommenders.snipmatch.FileSnippetRepository.search(FileSnippetRepository.java:309) [org.eclipse.recommenders.snipmatch_2.4.10.v20170911-1410.jar:na]
	at org.eclipse.recommenders.internal.snipmatch.rcp.EclipseGitSnippetRepository.search(EclipseGitSnippetRepository.java:283) [org.eclipse.recommenders.snipmatch.rcp_2.4.10.v20170911-1410.jar:na]
	at org.eclipse.recommenders.internal.snipmatch.rcp.completion.AbstractContentAssistProcessor.computeCompletionProposals(AbstractContentAssistProcessor.java:154) [org.eclipse.recommenders.snipmatch.rcp_2.4.10.v20170911-1410.jar:na]
	at org.eclipse.jface.text.contentassist.ContentAssistant$3.run(ContentAssistant.java:2007) [org.eclipse.jface.text_3.12.0.v20170523-1043.jar:na]
	at org.eclipse.core.runtime.SafeRunner.run(SafeRunner.java:42) [org.eclipse.equinox.common_3.9.0.v20170207-1454.jar:na]
	at org.eclipse.jface.text.contentassist.ContentAssistant.computeCompletionProposals(ContentAssistant.java:2004) [org.eclipse.jface.text_3.12.0.v20170523-1043.jar:na]
	at org.eclipse.jface.text.contentassist.CompletionProposalPopup.computeProposals(CompletionProposalPopup.java:560) [org.eclipse.jface.text_3.12.0.v20170523-1043.jar:na]
	at org.eclipse.jface.text.contentassist.CompletionProposalPopup.handleRepeatedInvocation(CompletionProposalPopup.java:542) [org.eclipse.jface.text_3.12.0.v20170523-1043.jar:na]
	at org.eclipse.jface.text.contentassist.CompletionProposalPopup.incrementalComplete(CompletionProposalPopup.java:1586) [org.eclipse.jface.text_3.12.0.v20170523-1043.jar:na]
	at org.eclipse.jface.text.contentassist.ContentAssistant.showPossibleCompletions(ContentAssistant.java:1822) [org.eclipse.jface.text_3.12.0.v20170523-1043.jar:na]
	at org.eclipse.recommenders.internal.snipmatch.rcp.completion.SnipmatchCompletionEngine$6.modifyText(SnipmatchCompletionEngine.java:252) [org.eclipse.recommenders.snipmatch.rcp_2.4.10.v20170911-1410.jar:na]
	at org.eclipse.swt.widgets.TypedListener.handleEvent(TypedListener.java:180) [org.eclipse.swt.win32.win32.x86_64_3.106.1.v20170829-0553.jar:na]
	at org.eclipse.swt.widgets.EventTable.sendEvent(EventTable.java:86) [org.eclipse.swt.win32.win32.x86_64_3.106.1.v20170829-0553.jar:na]
	at org.eclipse.swt.widgets.Display.sendEvent(Display.java:4428) [org.eclipse.swt.win32.win32.x86_64_3.106.1.v20170829-0553.jar:na]
	at org.eclipse.swt.widgets.Widget.sendEvent(Widget.java:1079) [org.eclipse.swt.win32.win32.x86_64_3.106.1.v20170829-0553.jar:na]
	at org.eclipse.swt.widgets.Widget.sendEvent(Widget.java:1103) [org.eclipse.swt.win32.win32.x86_64_3.106.1.v20170829-0553.jar:na]
	at org.eclipse.swt.widgets.Widget.sendEvent(Widget.java:1088) [org.eclipse.swt.win32.win32.x86_64_3.106.1.v20170829-0553.jar:na]
	at org.eclipse.swt.widgets.Widget.notifyListeners(Widget.java:802) [org.eclipse.swt.win32.win32.x86_64_3.106.1.v20170829-0553.jar:na]
	at org.eclipse.swt.custom.StyledText.modifyContent(StyledText.java:7363) [org.eclipse.swt.win32.win32.x86_64_3.106.1.v20170829-0553.jar:na]
	at org.eclipse.swt.custom.StyledText.sendKeyEvent(StyledText.java:8203) [org.eclipse.swt.win32.win32.x86_64_3.106.1.v20170829-0553.jar:na]
	at org.eclipse.swt.custom.StyledText.doContent(StyledText.java:2531) [org.eclipse.swt.win32.win32.x86_64_3.106.1.v20170829-0553.jar:na]
	at org.eclipse.swt.custom.StyledText.handleKey(StyledText.java:6003) [org.eclipse.swt.win32.win32.x86_64_3.106.1.v20170829-0553.jar:na]
	at org.eclipse.swt.custom.StyledText.handleKeyDown(StyledText.java:6034) [org.eclipse.swt.win32.win32.x86_64_3.106.1.v20170829-0553.jar:na]
	at org.eclipse.swt.custom.StyledText.lambda$1(StyledText.java:5732) [org.eclipse.swt.win32.win32.x86_64_3.106.1.v20170829-0553.jar:na]
	at org.eclipse.swt.widgets.EventTable.sendEvent(EventTable.java:86) [org.eclipse.swt.win32.win32.x86_64_3.106.1.v20170829-0553.jar:na]
	at org.eclipse.swt.widgets.Display.sendEvent(Display.java:4428) [org.eclipse.swt.win32.win32.x86_64_3.106.1.v20170829-0553.jar:na]
	at org.eclipse.swt.widgets.Widget.sendEvent(Widget.java:1079) [org.eclipse.swt.win32.win32.x86_64_3.106.1.v20170829-0553.jar:na]
	at org.eclipse.swt.widgets.Widget.sendEvent(Widget.java:1103) [org.eclipse.swt.win32.win32.x86_64_3.106.1.v20170829-0553.jar:na]
	at org.eclipse.swt.widgets.Widget.sendEvent(Widget.java:1088) [org.eclipse.swt.win32.win32.x86_64_3.106.1.v20170829-0553.jar:na]
	at org.eclipse.swt.widgets.Widget.sendKeyEvent(Widget.java:1130) [org.eclipse.swt.win32.win32.x86_64_3.106.1.v20170829-0553.jar:na]
	at org.eclipse.swt.widgets.Widget.sendKeyEvent(Widget.java:1126) [org.eclipse.swt.win32.win32.x86_64_3.106.1.v20170829-0553.jar:na]
	at org.eclipse.swt.widgets.Widget.wmChar(Widget.java:1547) [org.eclipse.swt.win32.win32.x86_64_3.106.1.v20170829-0553.jar:na]
	at org.eclipse.swt.widgets.Control.WM_CHAR(Control.java:4962) ~[org.eclipse.swt.win32.win32.x86_64_3.106.1.v20170829-0553.jar:na]
	at org.eclipse.swt.widgets.Canvas.WM_CHAR(Canvas.java:364) ~[org.eclipse.swt.win32.win32.x86_64_3.106.1.v20170829-0553.jar:na]
	at org.eclipse.swt.widgets.Control.windowProc(Control.java:4843) ~[org.eclipse.swt.win32.win32.x86_64_3.106.1.v20170829-0553.jar:na]
	at org.eclipse.swt.widgets.Canvas.windowProc(Canvas.java:359) ~[org.eclipse.swt.win32.win32.x86_64_3.106.1.v20170829-0553.jar:na]
	at org.eclipse.swt.widgets.Display.windowProc(Display.java:5178) [org.eclipse.swt.win32.win32.x86_64_3.106.1.v20170829-0553.jar:na]
	at org.eclipse.swt.internal.win32.OS.DispatchMessageW(Native Method) ~[org.eclipse.swt.win32.win32.x86_64_3.106.1.v20170829-0553.jar:na]
	at org.eclipse.swt.internal.win32.OS.DispatchMessage(OS.java:2560) ~[org.eclipse.swt.win32.win32.x86_64_3.106.1.v20170829-0553.jar:na]
	at org.eclipse.swt.widgets.Display.readAndDispatch(Display.java:3815) [org.eclipse.swt.win32.win32.x86_64_3.106.1.v20170829-0553.jar:na]
	at org.eclipse.e4.ui.internal.workbench.swt.PartRenderingEngine$5.run(PartRenderingEngine.java:1150) ~[na:na]
	at org.eclipse.core.databinding.observable.Realm.runWithDefault(Realm.java:336) ~[na:na]
	at org.eclipse.e4.ui.internal.workbench.swt.PartRenderingEngine.run(PartRenderingEngine.java:1039) ~[na:na]
	at org.eclipse.e4.ui.internal.workbench.E4Workbench.createAndRunUI(E4Workbench.java:153) ~[na:na]
	at org.eclipse.ui.internal.Workbench.lambda$3(Workbench.java:680) ~[na:na]
	at org.eclipse.core.databinding.observable.Realm.runWithDefault(Realm.java:336) ~[na:na]
	at org.eclipse.ui.internal.Workbench.createAndRunWorkbench(Workbench.java:594) ~[na:na]
	at org.eclipse.ui.PlatformUI.createAndRunWorkbench(PlatformUI.java:148) ~[na:na]
	at org.eclipse.ui.internal.ide.application.IDEApplication.start(IDEApplication.java:151) ~[na:na]
	at org.eclipse.equinox.internal.app.EclipseAppHandle.run(EclipseAppHandle.java:196) ~[org.eclipse.equinox.app_1.3.400.v20150715-1528.jar:na]
	at org.eclipse.core.runtime.internal.adaptor.EclipseAppLauncher.runApplication(EclipseAppLauncher.java:134) ~[org.eclipse.osgi_3.12.1.v20170821-1548.jar:na]
	at org.eclipse.core.runtime.internal.adaptor.EclipseAppLauncher.start(EclipseAppLauncher.java:104) ~[org.eclipse.osgi_3.12.1.v20170821-1548.jar:na]
	at org.eclipse.core.runtime.adaptor.EclipseStarter.run(EclipseStarter.java:388) ~[org.eclipse.osgi_3.12.1.v20170821-1548.jar:na]
	at org.eclipse.core.runtime.adaptor.EclipseStarter.run(EclipseStarter.java:243) ~[org.eclipse.osgi_3.12.1.v20170821-1548.jar:na]
	at sun.reflect.NativeMethodAccessorImpl.invoke0(Native Method) ~[na:1.8.0_144]
	at sun.reflect.NativeMethodAccessorImpl.invoke(Unknown Source) ~[na:1.8.0_144]
	at sun.reflect.DelegatingMethodAccessorImpl.invoke(Unknown Source) ~[na:1.8.0_144]
	at java.lang.reflect.Method.invoke(Unknown Source) ~[na:1.8.0_144]
	at org.eclipse.equinox.launcher.Main.invokeFramework(Main.java:653) ~[org.eclipse.equinox.launcher_1.4.0.v20161219-1356.jar:na]
	at org.eclipse.equinox.launcher.Main.basicRun(Main.java:590) ~[org.eclipse.equinox.launcher_1.4.0.v20161219-1356.jar:na]
	at org.eclipse.equinox.launcher.Main.run(Main.java:1499) ~[org.eclipse.equinox.launcher_1.4.0.v20161219-1356.jar:na]
Caused by: org.apache.lucene.queryParser.ParseException: Encountered "<EOF>" at line 1, column 1.
Was expecting one of:
    <RANGEEX_QUOTED> ...
    <RANGEEX_GOOP> ...
    
	at org.apache.lucene.queryParser.QueryParser.generateParseException(QueryParser.java:1818) ~[org.apache.lucene.core_3.5.0.v20120725-1805.jar:3.5.0 1204988 - simon - 2011-11-22 14:46:51]
	at org.apache.lucene.queryParser.QueryParser.jj_consume_token(QueryParser.java:1700) ~[org.apache.lucene.core_3.5.0.v20120725-1805.jar:3.5.0 1204988 - simon - 2011-11-22 14:46:51]
	at org.apache.lucene.queryParser.QueryParser.Term(QueryParser.java:1487) ~[org.apache.lucene.core_3.5.0.v20120725-1805.jar:3.5.0 1204988 - simon - 2011-11-22 14:46:51]
	at org.apache.lucene.queryParser.QueryParser.Clause(QueryParser.java:1309) ~[org.apache.lucene.core_3.5.0.v20120725-1805.jar:3.5.0 1204988 - simon - 2011-11-22 14:46:51]
	at org.apache.lucene.queryParser.QueryParser.Query(QueryParser.java:1237) ~[org.apache.lucene.core_3.5.0.v20120725-1805.jar:3.5.0 1204988 - simon - 2011-11-22 14:46:51]
	at org.apache.lucene.queryParser.QueryParser.TopLevelQuery(QueryParser.java:1226) ~[org.apache.lucene.core_3.5.0.v20120725-1805.jar:3.5.0 1204988 - simon - 2011-11-22 14:46:51]
	at org.apache.lucene.queryParser.QueryParser.parse(QueryParser.java:206) ~[org.apache.lucene.core_3.5.0.v20120725-1805.jar:3.5.0 1204988 - simon - 2011-11-22 14:46:51]
	... 63 common frames omitted
2017-10-08 22:52:34,025 [Worker-6] INFO  c.g.t.t.d.PublishedGradleVersions - Gradle version information cache is out-of-date. Trying to update.
2017-10-11 00:00:02,554 [Worker-4] INFO  c.g.t.t.d.PublishedGradleVersions - Gradle version information cache is out-of-date. Trying to update.
2017-10-11 18:30:35,064 [Worker-2] INFO  c.g.t.t.d.PublishedGradleVersions - Gradle version information cache is up-to-date. Trying to read.
2017-10-12 22:05:49,325 [Worker-4] INFO  c.g.t.t.d.PublishedGradleVersions - Gradle version information cache is out-of-date. Trying to update.
2017-10-12 22:12:03,193 [Worker-5] INFO  c.g.t.t.d.PublishedGradleVersions - Gradle version information cache is up-to-date. Trying to read.
